#
# A fatal error has been detected by the Java Runtime Environment:
#
#  EXCEPTION_ACCESS_VIOLATION (0xc0000005) at pc=0x00000000759c999c, pid=13896, tid=0x0000000000002914
#
# JRE version: Java(TM) SE Runtime Environment (8.0_221-b11) (build 1.8.0_221-b11)
# Java VM: Java HotSpot(TM) 64-Bit Server VM (25.221-b11 mixed mode windows-amd64 compressed oops)
# Problematic frame:
# V  [jvm.dll+0x46999c]
#
# Failed to write core dump. Minidumps are not enabled by default on client versions of Windows
#
# If you would like to submit a bug report, please visit:
#   http://bugreport.java.com/bugreport/crash.jsp
#

---------------  T H R E A D  ---------------

Current thread (0x00000000141a2800):  JavaThread "C2 CompilerThread0" daemon [_thread_in_native, id=10516, stack(0x0000000015810000,0x0000000015910000)]

siginfo: ExceptionCode=0xc0000005, reading address 0x000000005ccf8068

Registers:
RAX=0x000000005ccf8068, RBX=0x000000001c29b130, RCX=0x000000001a69bfe0, RDX=0x0000000000000001
RSP=0x000000001590c700, RBP=0x000000005ccf8068, RSI=0x000000001a69bfe0, RDI=0x000000001c50cef0
R8 =0x00000000ffffffff, R9 =0x0000000000000001, R10=0x0000000000000062, R11=0x0000000000000050
R12=0x000000001590cb10, R13=0x000000001ce00b00, R14=0x0000000000000008, R15=0x0000000000000001
RIP=0x00000000759c999c, EFLAGS=0x0000000000010202

Top of Stack: (sp=0x000000001590c700)
0x000000001590c700:   000000001c29b1a0 0000000015cb3a48
0x000000001590c710:   000000001c50cef0 0000000075d4a488
0x000000001590c720:   0000000200000092 000000001c50cef0
0x000000001590c730:   00000000000000d0 0000000000000092
0x000000001590c740:   0000000000000000 0000000000000000
0x000000001590c750:   000000001590c820 00000000000003d8
0x000000001590c760:   0000000018989628 0000000018989250
0x000000001590c770:   000000001590c8a0 0000000000000000
0x000000001590c780:   000000001590cb10 0000000018989240
0x000000001590c790:   0000000000000000 00000000759ccab4
0x000000001590c7a0:   000000001590cb10 000000001590c801
0x000000001590c7b0:   00000000ffffffff 000000000000001a
0x000000001590c7c0:   0000000000000006 0000000018989240
0x000000001590c7d0:   000000001c27c020 000000001c2a8a30
0x000000001590c7e0:   000000001c2a8a30 000000000006c9d8
0x000000001590c7f0:   0000000000000006 0000000018984b60 

Instructions: (pc=0x00000000759c999c)
0x00000000759c997c:   ce 49 8b 14 0e 49 8b 4c 24 48 44 8b 42 28 48 8b
0x00000000759c998c:   51 68 4a 8b 0c c2 f3 0f 10 41 08 0f 2f c1 77 3b
0x00000000759c999c:   8b 00 21 43 38 8b 45 04 21 43 3c 8b 45 08 21 43
0x00000000759c99ac:   40 8b 45 0c 21 43 44 8b 45 10 21 43 48 8b 45 14 


Register to memory mapping:

RAX=0x000000005ccf8068 is an unknown value
RBX=0x000000001c29b130 is an unknown value
RCX=0x000000001a69bfe0 is an unknown value
RDX=0x0000000000000001 is an unknown value
RSP=0x000000001590c700 is pointing into the stack for thread: 0x00000000141a2800
RBP=0x000000005ccf8068 is an unknown value
RSI=0x000000001a69bfe0 is an unknown value
RDI=0x000000001c50cef0 is an unknown value
R8 =0x00000000ffffffff is an unknown value
R9 =0x0000000000000001 is an unknown value
R10=0x0000000000000062 is an unknown value
R11=0x0000000000000050 is an unknown value
R12=0x000000001590cb10 is pointing into the stack for thread: 0x00000000141a2800
R13=0x000000001ce00b00 is an unknown value
R14=0x0000000000000008 is an unknown value
R15=0x0000000000000001 is an unknown value


Stack: [0x0000000015810000,0x0000000015910000],  sp=0x000000001590c700,  free space=1009k
Native frames: (J=compiled Java code, j=interpreted, Vv=VM code, C=native code)
V  [jvm.dll+0x46999c]
V  [jvm.dll+0x46cab4]
V  [jvm.dll+0x477e4b]
V  [jvm.dll+0x47a757]
V  [jvm.dll+0x45cfd2]
V  [jvm.dll+0xa6a62]
V  [jvm.dll+0xa73af]
V  [jvm.dll+0x24666f]
V  [jvm.dll+0x29fb8a]
C  [msvcr100.dll+0x21d9f]
C  [msvcr100.dll+0x21e3b]
C  [KERNEL32.DLL+0x17034]
C  [ntdll.dll+0x52651]


Current CompileTask:
C2:  15567 5230       4       java.lang.reflect.Method::specificToGenericStringHeader (48 bytes)


---------------  P R O C E S S  ---------------

Java Threads: ( => current thread )
  0x000000001a7dd800 JavaThread "Memory manager" [_thread_blocked, id=12460, stack(0x00000000255f0000,0x00000000256f0000)]
  0x000000001a7e0800 JavaThread "jar transforms Thread 92" [_thread_blocked, id=4696, stack(0x0000000024ef0000,0x0000000024ff0000)]
  0x000000001a7df000 JavaThread "jar transforms Thread 91" [_thread_blocked, id=4536, stack(0x0000000024df0000,0x0000000024ef0000)]
  0x000000001a7d5800 JavaThread "jar transforms Thread 90" [_thread_blocked, id=5728, stack(0x0000000024cf0000,0x0000000024df0000)]
  0x000000001a7da000 JavaThread "jar transforms Thread 89" [_thread_blocked, id=10288, stack(0x0000000024bf0000,0x0000000024cf0000)]
  0x000000001a7d8000 JavaThread "jar transforms Thread 88" [_thread_blocked, id=11496, stack(0x0000000024af0000,0x0000000024bf0000)]
  0x000000001a7db000 JavaThread "jar transforms Thread 87" [_thread_blocked, id=6948, stack(0x00000000249f0000,0x0000000024af0000)]
  0x000000001a7d2800 JavaThread "jar transforms Thread 86" [_thread_blocked, id=13268, stack(0x00000000248f0000,0x00000000249f0000)]
  0x000000001a7d7000 JavaThread "jar transforms Thread 85" [_thread_blocked, id=5784, stack(0x00000000247f0000,0x00000000248f0000)]
  0x000000001a7d5000 JavaThread "jar transforms Thread 84" [_thread_blocked, id=7324, stack(0x00000000246f0000,0x00000000247f0000)]
  0x000000001a7d6800 JavaThread "jar transforms Thread 83" [_thread_blocked, id=7028, stack(0x00000000245f0000,0x00000000246f0000)]
  0x000000001a7d4000 JavaThread "jar transforms Thread 82" [_thread_blocked, id=7072, stack(0x00000000244f0000,0x00000000245f0000)]
  0x000000001a7d9800 JavaThread "jar transforms Thread 81" [_thread_blocked, id=9476, stack(0x00000000243f0000,0x00000000244f0000)]
  0x000000001a7d3800 JavaThread "jar transforms Thread 80" [_thread_blocked, id=2328, stack(0x00000000242f0000,0x00000000243f0000)]
  0x000000001a7d8800 JavaThread "jar transforms Thread 79" [_thread_blocked, id=1316, stack(0x00000000241f0000,0x00000000242f0000)]
  0x000000001717e800 JavaThread "jar transforms Thread 78" [_thread_blocked, id=9896, stack(0x00000000240f0000,0x00000000241f0000)]
  0x000000001717e000 JavaThread "jar transforms Thread 77" [_thread_blocked, id=9016, stack(0x0000000023ff0000,0x00000000240f0000)]
  0x000000001717d000 JavaThread "jar transforms Thread 76" [_thread_blocked, id=5700, stack(0x0000000023ef0000,0x0000000023ff0000)]
  0x0000000017180000 JavaThread "jar transforms Thread 75" [_thread_blocked, id=9132, stack(0x0000000023df0000,0x0000000023ef0000)]
  0x000000001717f800 JavaThread "jar transforms Thread 74" [_thread_blocked, id=9040, stack(0x0000000023cf0000,0x0000000023df0000)]
  0x000000001717c800 JavaThread "jar transforms Thread 73" [_thread_blocked, id=1948, stack(0x0000000023bf0000,0x0000000023cf0000)]
  0x000000001717b800 JavaThread "jar transforms Thread 72" [_thread_blocked, id=12708, stack(0x0000000023af0000,0x0000000023bf0000)]
  0x0000000017174000 JavaThread "jar transforms Thread 71" [_thread_blocked, id=4908, stack(0x00000000239f0000,0x0000000023af0000)]
  0x000000001717b000 JavaThread "jar transforms Thread 70" [_thread_blocked, id=10740, stack(0x00000000238f0000,0x00000000239f0000)]
  0x0000000017173800 JavaThread "jar transforms Thread 69" [_thread_blocked, id=11556, stack(0x00000000237f0000,0x00000000238f0000)]
  0x000000001717a000 JavaThread "jar transforms Thread 68" [_thread_blocked, id=7468, stack(0x00000000236f0000,0x00000000237f0000)]
  0x0000000017179800 JavaThread "jar transforms Thread 67" [_thread_blocked, id=652, stack(0x00000000234f0000,0x00000000235f0000)]
  0x0000000017172000 JavaThread "jar transforms Thread 66" [_thread_blocked, id=7436, stack(0x00000000233f0000,0x00000000234f0000)]
  0x0000000017178800 JavaThread "jar transforms Thread 65" [_thread_blocked, id=13300, stack(0x00000000232f0000,0x00000000233f0000)]
  0x0000000017175000 JavaThread "jar transforms Thread 64" [_thread_blocked, id=10376, stack(0x00000000231f0000,0x00000000232f0000)]
  0x0000000017172800 JavaThread "jar transforms Thread 63" [_thread_blocked, id=9432, stack(0x00000000230f0000,0x00000000231f0000)]
  0x0000000017171000 JavaThread "jar transforms Thread 62" [_thread_blocked, id=7340, stack(0x0000000022ff0000,0x00000000230f0000)]
  0x0000000017178000 JavaThread "jar transforms Thread 61" [_thread_blocked, id=6280, stack(0x0000000022ef0000,0x0000000022ff0000)]
  0x0000000017176800 JavaThread "jar transforms Thread 60" [_thread_blocked, id=13148, stack(0x0000000022df0000,0x0000000022ef0000)]
  0x0000000017175800 JavaThread "jar transforms Thread 59" [_thread_blocked, id=8160, stack(0x0000000022cf0000,0x0000000022df0000)]
  0x0000000017177000 JavaThread "jar transforms Thread 58" [_thread_blocked, id=9928, stack(0x0000000022bf0000,0x0000000022cf0000)]
  0x0000000016411000 JavaThread "jar transforms Thread 57" [_thread_blocked, id=2392, stack(0x0000000022af0000,0x0000000022bf0000)]
  0x0000000016410800 JavaThread "jar transforms Thread 56" [_thread_blocked, id=10640, stack(0x00000000229f0000,0x0000000022af0000)]
  0x000000001640f800 JavaThread "jar transforms Thread 55" [_thread_blocked, id=10700, stack(0x00000000228f0000,0x00000000229f0000)]
  0x000000001640f000 JavaThread "jar transforms Thread 54" [_thread_blocked, id=14320, stack(0x00000000227f0000,0x00000000228f0000)]
  0x000000001640e000 JavaThread "jar transforms Thread 53" [_thread_blocked, id=1468, stack(0x00000000226f0000,0x00000000227f0000)]
  0x000000001640c800 JavaThread "jar transforms Thread 52" [_thread_blocked, id=11996, stack(0x00000000225f0000,0x00000000226f0000)]
  0x000000001640d800 JavaThread "jar transforms Thread 51" [_thread_blocked, id=588, stack(0x00000000224f0000,0x00000000225f0000)]
  0x000000001640c000 JavaThread "jar transforms Thread 50" [_thread_blocked, id=13588, stack(0x00000000223f0000,0x00000000224f0000)]
  0x0000000016404800 JavaThread "jar transforms Thread 49" [_thread_blocked, id=14144, stack(0x00000000222f0000,0x00000000223f0000)]
  0x000000001640b000 JavaThread "jar transforms Thread 48" [_thread_blocked, id=14136, stack(0x00000000221f0000,0x00000000222f0000)]
  0x000000001640a800 JavaThread "jar transforms Thread 47" [_thread_blocked, id=12664, stack(0x00000000220f0000,0x00000000221f0000)]
  0x0000000016409800 JavaThread "jar transforms Thread 46" [_thread_blocked, id=10012, stack(0x0000000021ff0000,0x00000000220f0000)]
  0x0000000016407800 JavaThread "jar transforms Thread 45" [_thread_blocked, id=5272, stack(0x0000000021ef0000,0x0000000021ff0000)]
  0x0000000016402000 JavaThread "jar transforms Thread 44" [_thread_blocked, id=13140, stack(0x0000000021df0000,0x0000000021ef0000)]
  0x0000000016403000 JavaThread "jar transforms Thread 43" [_thread_blocked, id=5268, stack(0x0000000021cf0000,0x0000000021df0000)]
  0x0000000016406800 JavaThread "jar transforms Thread 42" [_thread_blocked, id=11580, stack(0x0000000021bf0000,0x0000000021cf0000)]
  0x0000000016408000 JavaThread "jar transforms Thread 41" [_thread_blocked, id=5380, stack(0x0000000021af0000,0x0000000021bf0000)]
  0x0000000016406000 JavaThread "jar transforms Thread 40" [_thread_blocked, id=14044, stack(0x00000000219f0000,0x0000000021af0000)]
  0x0000000016409000 JavaThread "jar transforms Thread 39" [_thread_blocked, id=12612, stack(0x00000000218f0000,0x00000000219f0000)]
  0x0000000016405000 JavaThread "jar transforms Thread 38" [_thread_blocked, id=3368, stack(0x00000000217f0000,0x00000000218f0000)]
  0x0000000016403800 JavaThread "jar transforms Thread 37" [_thread_blocked, id=2488, stack(0x00000000216f0000,0x00000000217f0000)]
  0x0000000016b23800 JavaThread "jar transforms Thread 36" [_thread_blocked, id=12260, stack(0x00000000215f0000,0x00000000216f0000)]
  0x0000000016b20000 JavaThread "jar transforms Thread 35" [_thread_blocked, id=11912, stack(0x00000000214f0000,0x00000000215f0000)]
  0x0000000016b21000 JavaThread "jar transforms Thread 34" [_thread_blocked, id=14036, stack(0x00000000213f0000,0x00000000214f0000)]
  0x0000000016b1f800 JavaThread "jar transforms Thread 33" [_thread_blocked, id=10848, stack(0x00000000212f0000,0x00000000213f0000)]
  0x0000000016b21800 JavaThread "jar transforms Thread 32" [_thread_blocked, id=10472, stack(0x00000000211f0000,0x00000000212f0000)]
  0x0000000016b1e800 JavaThread "jar transforms Thread 31" [_thread_blocked, id=5420, stack(0x00000000210f0000,0x00000000211f0000)]
  0x0000000016b22800 JavaThread "jar transforms Thread 30" [_thread_blocked, id=13232, stack(0x0000000020ff0000,0x00000000210f0000)]
  0x0000000016b17000 JavaThread "jar transforms Thread 29" [_thread_blocked, id=2320, stack(0x0000000020ef0000,0x0000000020ff0000)]
  0x0000000016b1e000 JavaThread "jar transforms Thread 28" [_thread_blocked, id=11088, stack(0x0000000020df0000,0x0000000020ef0000)]
  0x0000000016b16800 JavaThread "jar transforms Thread 27" [_thread_blocked, id=10900, stack(0x0000000020cf0000,0x0000000020df0000)]
  0x0000000016b1b800 JavaThread "jar transforms Thread 26" [_thread_blocked, id=8316, stack(0x0000000020bf0000,0x0000000020cf0000)]
  0x0000000016b18800 JavaThread "jar transforms Thread 25" [_thread_blocked, id=9700, stack(0x0000000020af0000,0x0000000020bf0000)]
  0x0000000016b1d000 JavaThread "jar transforms Thread 24" [_thread_blocked, id=9932, stack(0x00000000209f0000,0x0000000020af0000)]
  0x0000000016b15800 JavaThread "jar transforms Thread 23" [_thread_blocked, id=10080, stack(0x00000000208f0000,0x00000000209f0000)]
  0x0000000016b19800 JavaThread "jar transforms Thread 22" [_thread_blocked, id=10368, stack(0x00000000207f0000,0x00000000208f0000)]
  0x0000000016b1c800 JavaThread "jar transforms Thread 21" [_thread_blocked, id=11376, stack(0x00000000206f0000,0x00000000207f0000)]
  0x0000000016b1a000 JavaThread "jar transforms Thread 20" [_thread_blocked, id=10648, stack(0x00000000205f0000,0x00000000206f0000)]
  0x0000000016b15000 JavaThread "jar transforms Thread 19" [_thread_blocked, id=13228, stack(0x00000000204f0000,0x00000000205f0000)]
  0x0000000016b14000 JavaThread "jar transforms Thread 18" [_thread_blocked, id=10380, stack(0x00000000203f0000,0x00000000204f0000)]
  0x0000000016b18000 JavaThread "jar transforms Thread 17" [_thread_blocked, id=9488, stack(0x00000000202f0000,0x00000000203f0000)]
  0x0000000016b1b000 JavaThread "jar transforms Thread 16" [_thread_blocked, id=11448, stack(0x00000000201f0000,0x00000000202f0000)]
  0x0000000018962800 JavaThread "jar transforms Thread 15" [_thread_blocked, id=13364, stack(0x00000000200f0000,0x00000000201f0000)]
  0x0000000018961800 JavaThread "jar transforms Thread 14" [_thread_blocked, id=2464, stack(0x000000001fff0000,0x00000000200f0000)]
  0x0000000018960000 JavaThread "jar transforms Thread 13" [_thread_blocked, id=4144, stack(0x000000001fef0000,0x000000001fff0000)]
  0x0000000018961000 JavaThread "jar transforms Thread 12" [_thread_blocked, id=9620, stack(0x000000001fdf0000,0x000000001fef0000)]
  0x000000001895f800 JavaThread "jar transforms Thread 11" [_thread_blocked, id=9084, stack(0x000000001fcf0000,0x000000001fdf0000)]
  0x0000000018958000 JavaThread "jar transforms Thread 10" [_thread_blocked, id=11736, stack(0x000000001fbf0000,0x000000001fcf0000)]
  0x000000001895e800 JavaThread "jar transforms Thread 9" [_thread_blocked, id=10352, stack(0x000000001faf0000,0x000000001fbf0000)]
  0x000000001895e000 JavaThread "jar transforms Thread 8" [_thread_blocked, id=9720, stack(0x000000001f9f0000,0x000000001faf0000)]
  0x000000001895c800 JavaThread "jar transforms Thread 7" [_thread_blocked, id=2120, stack(0x000000001f8f0000,0x000000001f9f0000)]
  0x000000001895b800 JavaThread "jar transforms Thread 6" [_thread_blocked, id=13792, stack(0x000000001f7f0000,0x000000001f8f0000)]
  0x0000000018959800 JavaThread "jar transforms Thread 5" [_thread_blocked, id=14096, stack(0x000000001f6f0000,0x000000001f7f0000)]
  0x000000001895b000 JavaThread "jar transforms Thread 4" [_thread_blocked, id=4452, stack(0x000000001f5f0000,0x000000001f6f0000)]
  0x000000001895d000 JavaThread "jar transforms Thread 3" [_thread_blocked, id=13816, stack(0x000000001f4f0000,0x000000001f5f0000)]
  0x0000000018955000 JavaThread "jar transforms Thread 2" [_thread_blocked, id=11192, stack(0x000000001f3f0000,0x000000001f4f0000)]
  0x0000000018957000 JavaThread "Build operations Thread 4" [_thread_blocked, id=11188, stack(0x000000001f2f0000,0x000000001f3f0000)]
  0x0000000018956800 JavaThread "Build operations Thread 3" [_thread_blocked, id=688, stack(0x000000001f1f0000,0x000000001f2f0000)]
  0x0000000018958800 JavaThread "Build operations Thread 2" [_thread_blocked, id=12552, stack(0x000000001f0f0000,0x000000001f1f0000)]
  0x0000000018953800 JavaThread "Build operations" [_thread_blocked, id=12560, stack(0x000000001eff0000,0x000000001f0f0000)]
  0x0000000018954000 JavaThread "Cache worker for Build Output Cleanup Cache (D:\MultiVendorGroceriesApp\android\.gradle\buildOutputCleanup)" [_thread_blocked, id=12428, stack(0x000000001ecf0000,0x000000001edf0000)]
  0x00000000183d6800 JavaThread "Cache worker for file content cache (C:\Users\Noman\.gradle\caches\6.7\fileContent)" [_thread_blocked, id=12884, stack(0x000000001e5f0000,0x000000001e6f0000)]
  0x00000000183d8800 JavaThread "jar transforms" [_thread_blocked, id=4952, stack(0x000000001cb30000,0x000000001cc30000)]
  0x00000000183d5800 JavaThread "Cache worker for execution history cache (C:\Users\Noman\.gradle\caches\6.7\executionHistory)" [_thread_blocked, id=13516, stack(0x000000001ca30000,0x000000001cb30000)]
  0x00000000183d5000 JavaThread "Cache worker for cache directory md-rule (C:\Users\Noman\.gradle\caches\6.7\md-rule)" [_thread_blocked, id=2884, stack(0x000000001c930000,0x000000001ca30000)]
  0x00000000183d9800 JavaThread "Cache worker for cache directory md-supplier (C:\Users\Noman\.gradle\caches\6.7\md-supplier)" [_thread_blocked, id=9704, stack(0x000000001c630000,0x000000001c730000)]
  0x00000000183d8000 JavaThread "Cache worker for checksums cache (D:\MultiVendorGroceriesApp\android\.gradle\checksums)" [_thread_blocked, id=9348, stack(0x000000001c530000,0x000000001c630000)]
  0x00000000183d3800 JavaThread "Cache worker for file hash cache (D:\MultiVendorGroceriesApp\android\.gradle\6.7\fileHashes)" [_thread_blocked, id=5092, stack(0x000000001e0f0000,0x000000001e1f0000)]
  0x00000000183d2800 JavaThread "Cache worker for journal cache (C:\Users\Noman\.gradle\caches\journal-1)" [_thread_blocked, id=8028, stack(0x000000001a290000,0x000000001a390000)]
  0x00000000183d7000 JavaThread "File lock request listener" [_thread_in_native, id=4752, stack(0x000000001a190000,0x000000001a290000)]
  0x00000000183d4000 JavaThread "Cache worker for file hash cache (C:\Users\Noman\.gradle\caches\6.7\fileHashes)" [_thread_blocked, id=13036, stack(0x0000000019f90000,0x000000001a090000)]
  0x00000000180aa000 JavaThread "Thread-9" [_thread_blocked, id=4680, stack(0x0000000019c90000,0x0000000019d90000)]
  0x00000000180a7000 JavaThread "Stdin handler" [_thread_blocked, id=9412, stack(0x0000000019b90000,0x0000000019c90000)]
  0x000000001806f000 JavaThread "Asynchronous log dispatcher for DefaultDaemonConnection: socket connection from /127.0.0.1:49988 to /127.0.0.1:49989" [_thread_blocked, id=3524, stack(0x0000000019a90000,0x0000000019b90000)]
  0x0000000018069000 JavaThread "Daemon worker" [_thread_in_native, id=12604, stack(0x0000000019990000,0x0000000019a90000)]
  0x0000000018060800 JavaThread "Cancel handler" [_thread_blocked, id=12124, stack(0x0000000019890000,0x0000000019990000)]
  0x000000001805d800 JavaThread "Handler for socket connection from /127.0.0.1:49988 to /127.0.0.1:49989" [_thread_in_native, id=7056, stack(0x0000000019790000,0x0000000019890000)]
  0x0000000018011800 JavaThread "Daemon" [_thread_blocked, id=11440, stack(0x0000000019490000,0x0000000019590000)]
  0x0000000017fd8000 JavaThread "Daemon periodic checks" [_thread_blocked, id=11024, stack(0x0000000019390000,0x0000000019490000)]
  0x0000000017fd1800 JavaThread "Incoming local TCP Connector on port 49988" [_thread_in_native, id=12756, stack(0x0000000019150000,0x0000000019250000)]
  0x0000000017f23000 JavaThread "Daemon health stats" [_thread_blocked, id=6904, stack(0x0000000016110000,0x0000000016210000)]
  0x00000000141fe000 JavaThread "Service Thread" daemon [_thread_blocked, id=9904, stack(0x0000000015f10000,0x0000000016010000)]
  0x00000000141ae800 JavaThread "C1 CompilerThread2" daemon [_thread_blocked, id=12152, stack(0x0000000015a10000,0x0000000015b10000)]
  0x00000000141a9000 JavaThread "C2 CompilerThread1" daemon [_thread_in_native, id=10132, stack(0x0000000015910000,0x0000000015a10000)]
=>0x00000000141a2800 JavaThread "C2 CompilerThread0" daemon [_thread_in_native, id=10516, stack(0x0000000015810000,0x0000000015910000)]
  0x000000001419f800 JavaThread "Attach Listener" daemon [_thread_blocked, id=10520, stack(0x0000000015710000,0x0000000015810000)]
  0x000000001419e800 JavaThread "Signal Dispatcher" daemon [_thread_blocked, id=10720, stack(0x0000000015610000,0x0000000015710000)]
  0x0000000002d5d000 JavaThread "Finalizer" daemon [_thread_blocked, id=10416, stack(0x0000000015400000,0x0000000015500000)]
  0x0000000002d54000 JavaThread "Reference Handler" daemon [_thread_blocked, id=11196, stack(0x0000000015300000,0x0000000015400000)]
  0x0000000002c62800 JavaThread "main" [_thread_blocked, id=13504, stack(0x0000000001380000,0x0000000001480000)]

Other Threads:
  0x0000000014167800 VMThread [stack: 0x0000000015200000,0x0000000015300000] [id=13308]
  0x0000000015b53800 WatcherThread [stack: 0x0000000016010000,0x0000000016110000] [id=9944]

VM state:not at safepoint (normal execution)

VM Mutex/Monitor currently owned by a thread: None

heap address: 0x00000000e0000000, size: 512 MB, Compressed Oops mode: 32-bit
Narrow klass base: 0x0000000000000000, Narrow klass shift: 3
Compressed class space size: 1073741824 Address: 0x0000000100000000

Heap:
 PSYoungGen      total 149504K, used 43794K [0x00000000f5580000, 0x0000000100000000, 0x0000000100000000)
  eden space 134656K, 21% used [0x00000000f5580000,0x00000000f71c7f98,0x00000000fd900000)
  from space 14848K, 99% used [0x00000000ff000000,0x00000000ffe7ca20,0x00000000ffe80000)
  to   space 19968K, 0% used [0x00000000fd900000,0x00000000fd900000,0x00000000fec80000)
 ParOldGen       total 175104K, used 25490K [0x00000000e0000000, 0x00000000eab00000, 0x00000000f5580000)
  object space 175104K, 14% used [0x00000000e0000000,0x00000000e18e4b10,0x00000000eab00000)
 Metaspace       used 56189K, capacity 58698K, committed 58880K, reserved 1099776K
  class space    used 7815K, capacity 8380K, committed 8448K, reserved 1048576K

Card table byte_map: [0x0000000012130000,0x0000000012240000] byte_map_base: 0x0000000011a30000

Marking Bits: (ParMarkBitMap*) 0x0000000075d85ce0
 Begin Bits: [0x00000000126f0000, 0x0000000012ef0000)
 End Bits:   [0x0000000012ef0000, 0x00000000136f0000)

Polling page: 0x0000000001480000

CodeCache: size=245760Kb used=16429Kb max_used=16429Kb free=229330Kb
 bounds [0x0000000002d70000, 0x0000000003d90000, 0x0000000011d70000]
 total_blobs=5600 nmethods=4819 adapters=693
 compilation: enabled

Compilation events (10 events):
Event: 15.524 Thread 0x00000000141ae800 5255       3       org.gradle.api.internal.collections.AbstractIterationOrderRetainingElementSource$RealizedElementCollectionIterator::hasNext (13 bytes)
Event: 15.524 Thread 0x00000000141ae800 nmethod 5255 0x0000000003d78b50 code [0x0000000003d78ca0, 0x0000000003d78e50]
Event: 15.524 Thread 0x00000000141ae800 5256       3       java.util.regex.Pattern$BranchConn::match (11 bytes)
Event: 15.524 Thread 0x00000000141ae800 nmethod 5256 0x0000000003d78ed0 code [0x0000000003d79040, 0x0000000003d79268]
Event: 15.524 Thread 0x00000000141ae800 5257   !   3       sun.reflect.GeneratedConstructorAccessor15::newInstance (61 bytes)
Event: 15.526 Thread 0x00000000141ae800 nmethod 5257 0x0000000003d79350 code [0x0000000003d795e0, 0x0000000003d7a748]
Event: 15.526 Thread 0x00000000141ae800 5258   !   3       org.gradle.api.internal.DynamicPropertyNamer::determineName (107 bytes)
Event: 15.527 Thread 0x00000000141ae800 nmethod 5258 0x0000000003d7b390 code [0x0000000003d7b5e0, 0x0000000003d7c438]
Event: 15.527 Thread 0x00000000141ae800 5259       1       org.gradle.internal.typeconversion.NotationConverterToNotationParserAdapter$ResultImpl::hasResult (5 bytes)
Event: 15.527 Thread 0x00000000141ae800 nmethod 5259 0x0000000003d7c8d0 code [0x0000000003d7ca20, 0x0000000003d7cb30]

GC Heap History (10 events):
Event: 9.736 GC heap before
{Heap before GC invocations=6 (full 1):
 PSYoungGen      total 141824K, used 131072K [0x00000000f5580000, 0x00000000fea80000, 0x0000000100000000)
  eden space 131072K, 100% used [0x00000000f5580000,0x00000000fd580000,0x00000000fd580000)
  from space 10752K, 0% used [0x00000000fe000000,0x00000000fe000000,0x00000000fea80000)
  to   space 10752K, 0% used [0x00000000fd580000,0x00000000fd580000,0x00000000fe000000)
 ParOldGen       total 175104K, used 7938K [0x00000000e0000000, 0x00000000eab00000, 0x00000000f5580000)
  object space 175104K, 4% used [0x00000000e0000000,0x00000000e07c0ab8,0x00000000eab00000)
 Metaspace       used 32464K, capacity 33552K, committed 33792K, reserved 1079296K
  class space    used 4602K, capacity 4859K, committed 4864K, reserved 1048576K
Event: 9.763 GC heap after
Heap after GC invocations=6 (full 1):
 PSYoungGen      total 141824K, used 10739K [0x00000000f5580000, 0x0000000100000000, 0x0000000100000000)
  eden space 131072K, 0% used [0x00000000f5580000,0x00000000f5580000,0x00000000fd580000)
  from space 10752K, 99% used [0x00000000fd580000,0x00000000fdffce80,0x00000000fe000000)
  to   space 15872K, 0% used [0x00000000ff080000,0x00000000ff080000,0x0000000100000000)
 ParOldGen       total 175104K, used 12068K [0x00000000e0000000, 0x00000000eab00000, 0x00000000f5580000)
  object space 175104K, 6% used [0x00000000e0000000,0x00000000e0bc90e8,0x00000000eab00000)
 Metaspace       used 32464K, capacity 33552K, committed 33792K, reserved 1079296K
  class space    used 4602K, capacity 4859K, committed 4864K, reserved 1048576K
}
Event: 10.213 GC heap before
{Heap before GC invocations=7 (full 1):
 PSYoungGen      total 141824K, used 50290K [0x00000000f5580000, 0x0000000100000000, 0x0000000100000000)
  eden space 131072K, 30% used [0x00000000f5580000,0x00000000f7c1fcd0,0x00000000fd580000)
  from space 10752K, 99% used [0x00000000fd580000,0x00000000fdffce80,0x00000000fe000000)
  to   space 15872K, 0% used [0x00000000ff080000,0x00000000ff080000,0x0000000100000000)
 ParOldGen       total 175104K, used 12068K [0x00000000e0000000, 0x00000000eab00000, 0x00000000f5580000)
  object space 175104K, 6% used [0x00000000e0000000,0x00000000e0bc90e8,0x00000000eab00000)
 Metaspace       used 34375K, capacity 35482K, committed 35496K, reserved 1079296K
  class space    used 4812K, capacity 5109K, committed 5120K, reserved 1048576K
Event: 10.231 GC heap after
Heap after GC invocations=7 (full 1):
 PSYoungGen      total 159232K, used 10209K [0x00000000f5580000, 0x0000000100000000, 0x0000000100000000)
  eden space 143360K, 0% used [0x00000000f5580000,0x00000000f5580000,0x00000000fe180000)
  from space 15872K, 64% used [0x00000000ff080000,0x00000000ffa78610,0x0000000100000000)
  to   space 15360K, 0% used [0x00000000fe180000,0x00000000fe180000,0x00000000ff080000)
 ParOldGen       total 175104K, used 12076K [0x00000000e0000000, 0x00000000eab00000, 0x00000000f5580000)
  object space 175104K, 6% used [0x00000000e0000000,0x00000000e0bcb0e8,0x00000000eab00000)
 Metaspace       used 34375K, capacity 35482K, committed 35496K, reserved 1079296K
  class space    used 4812K, capacity 5109K, committed 5120K, reserved 1048576K
}
Event: 10.231 GC heap before
{Heap before GC invocations=8 (full 2):
 PSYoungGen      total 159232K, used 10209K [0x00000000f5580000, 0x0000000100000000, 0x0000000100000000)
  eden space 143360K, 0% used [0x00000000f5580000,0x00000000f5580000,0x00000000fe180000)
  from space 15872K, 64% used [0x00000000ff080000,0x00000000ffa78610,0x0000000100000000)
  to   space 15360K, 0% used [0x00000000fe180000,0x00000000fe180000,0x00000000ff080000)
 ParOldGen       total 175104K, used 12076K [0x00000000e0000000, 0x00000000eab00000, 0x00000000f5580000)
  object space 175104K, 6% used [0x00000000e0000000,0x00000000e0bcb0e8,0x00000000eab00000)
 Metaspace       used 34375K, capacity 35482K, committed 35496K, reserved 1079296K
  class space    used 4812K, capacity 5109K, committed 5120K, reserved 1048576K
Event: 10.310 GC heap after
Heap after GC invocations=8 (full 2):
 PSYoungGen      total 159232K, used 0K [0x00000000f5580000, 0x0000000100000000, 0x0000000100000000)
  eden space 143360K, 0% used [0x00000000f5580000,0x00000000f5580000,0x00000000fe180000)
  from space 15872K, 0% used [0x00000000ff080000,0x00000000ff080000,0x0000000100000000)
  to   space 15360K, 0% used [0x00000000fe180000,0x00000000fe180000,0x00000000ff080000)
 ParOldGen       total 175104K, used 16912K [0x00000000e0000000, 0x00000000eab00000, 0x00000000f5580000)
  object space 175104K, 9% used [0x00000000e0000000,0x00000000e1084338,0x00000000eab00000)
 Metaspace       used 34375K, capacity 35482K, committed 35496K, reserved 1079296K
  class space    used 4812K, capacity 5109K, committed 5120K, reserved 1048576K
}
Event: 12.267 GC heap before
{Heap before GC invocations=9 (full 2):
 PSYoungGen      total 159232K, used 143360K [0x00000000f5580000, 0x0000000100000000, 0x0000000100000000)
  eden space 143360K, 100% used [0x00000000f5580000,0x00000000fe180000,0x00000000fe180000)
  from space 15872K, 0% used [0x00000000ff080000,0x00000000ff080000,0x0000000100000000)
  to   space 15360K, 0% used [0x00000000fe180000,0x00000000fe180000,0x00000000ff080000)
 ParOldGen       total 175104K, used 16912K [0x00000000e0000000, 0x00000000eab00000, 0x00000000f5580000)
  object space 175104K, 9% used [0x00000000e0000000,0x00000000e1084338,0x00000000eab00000)
 Metaspace       used 38984K, capacity 40820K, committed 41088K, reserved 1085440K
  class space    used 5462K, capacity 5899K, committed 6016K, reserved 1048576K
Event: 12.279 GC heap after
Heap after GC invocations=9 (full 2):
 PSYoungGen      total 152576K, used 9010K [0x00000000f5580000, 0x00000000ffe80000, 0x0000000100000000)
  eden space 143360K, 0% used [0x00000000f5580000,0x00000000f5580000,0x00000000fe180000)
  from space 9216K, 97% used [0x00000000fe180000,0x00000000fea4c9d0,0x00000000fea80000)
  to   space 14848K, 0% used [0x00000000ff000000,0x00000000ff000000,0x00000000ffe80000)
 ParOldGen       total 175104K, used 16920K [0x00000000e0000000, 0x00000000eab00000, 0x00000000f5580000)
  object space 175104K, 9% used [0x00000000e0000000,0x00000000e1086338,0x00000000eab00000)
 Metaspace       used 38984K, capacity 40820K, committed 41088K, reserved 1085440K
  class space    used 5462K, capacity 5899K, committed 6016K, reserved 1048576K
}
Event: 14.883 GC heap before
{Heap before GC invocations=10 (full 2):
 PSYoungGen      total 152576K, used 152370K [0x00000000f5580000, 0x00000000ffe80000, 0x0000000100000000)
  eden space 143360K, 100% used [0x00000000f5580000,0x00000000fe180000,0x00000000fe180000)
  from space 9216K, 97% used [0x00000000fe180000,0x00000000fea4c9d0,0x00000000fea80000)
  to   space 14848K, 0% used [0x00000000ff000000,0x00000000ff000000,0x00000000ffe80000)
 ParOldGen       total 175104K, used 16920K [0x00000000e0000000, 0x00000000eab00000, 0x00000000f5580000)
  object space 175104K, 9% used [0x00000000e0000000,0x00000000e1086338,0x00000000eab00000)
 Metaspace       used 53385K, capacity 55772K, committed 56064K, reserved 1097728K
  class space    used 7305K, capacity 7851K, committed 7936K, reserved 1048576K
Event: 14.913 GC heap after
Heap after GC invocations=10 (full 2):
 PSYoungGen      total 149504K, used 14834K [0x00000000f5580000, 0x0000000100000000, 0x0000000100000000)
  eden space 134656K, 0% used [0x00000000f5580000,0x00000000f5580000,0x00000000fd900000)
  from space 14848K, 99% used [0x00000000ff000000,0x00000000ffe7ca20,0x00000000ffe80000)
  to   space 19968K, 0% used [0x00000000fd900000,0x00000000fd900000,0x00000000fec80000)
 ParOldGen       total 175104K, used 25490K [0x00000000e0000000, 0x00000000eab00000, 0x00000000f5580000)
  object space 175104K, 14% used [0x00000000e0000000,0x00000000e18e4b10,0x00000000eab00000)
 Metaspace       used 53385K, capacity 55772K, committed 56064K, reserved 1097728K
  class space    used 7305K, capacity 7851K, committed 7936K, reserved 1048576K
}

Deoptimization events (10 events):
Event: 13.853 Thread 0x0000000018069000 Uncommon trap: reason=unstable_if action=reinterpret pc=0x00000000038b83f0 method=org.gradle.internal.reflect.PropertyAccessorType.of(Ljava/lang/reflect/Method;)Lorg/gradle/internal/reflect/PropertyAccessorType; @ 56
Event: 14.295 Thread 0x0000000018069000 Uncommon trap: reason=unstable_if action=reinterpret pc=0x0000000003ba55f4 method=com.sun.org.apache.xerces.internal.impl.XMLEntityScanner.checkBeforeLoad(Lcom/sun/xml/internal/stream/Entity$ScannedEntity;II)I @ 18
Event: 14.312 Thread 0x0000000018069000 Uncommon trap: reason=unstable_if action=reinterpret pc=0x0000000003bcb8c8 method=com.sun.org.apache.xerces.internal.util.SymbolTable.addSymbol([CII)Ljava/lang/String; @ 38
Event: 14.395 Thread 0x0000000018069000 Uncommon trap: reason=unstable_if action=reinterpret pc=0x000000000336c070 method=org.gradle.internal.instantiation.generator.AbstractClassGenerator$InjectionAnnotationValidator.validateMethod(Ljava/lang/reflect/Method;Lorg/gradle/internal/reflect/Propert
Event: 14.395 Thread 0x0000000018069000 Uncommon trap: reason=unstable_if action=reinterpret pc=0x0000000003ac9130 method=org.gradle.internal.instantiation.generator.AbstractClassGenerator$InjectionAnnotationValidator.validateMethod(Ljava/lang/reflect/Method;Lorg/gradle/internal/reflect/Propert
Event: 14.468 Thread 0x0000000018069000 Uncommon trap: reason=null_check action=make_not_entrant pc=0x0000000003514170 method=java.lang.Class.searchMethods([Ljava/lang/reflect/Method;Ljava/lang/String;[Ljava/lang/Class;)Ljava/lang/reflect/Method; @ 59
Event: 14.545 Thread 0x0000000018069000 Uncommon trap: reason=bimorphic action=maybe_recompile pc=0x0000000003722918 method=org.codehaus.groovy.runtime.metaclass.MetaMethodIndex.addMethodToList(Ljava/lang/Object;Lgroovy/lang/MetaMethod;)Ljava/lang/Object; @ 102
Event: 14.545 Thread 0x0000000018069000 Uncommon trap: reason=unstable_if action=reinterpret pc=0x0000000003722908 method=org.codehaus.groovy.runtime.metaclass.MetaMethodIndex.addMethodToList(Ljava/lang/Object;Lgroovy/lang/MetaMethod;)Ljava/lang/Object; @ 55
Event: 14.643 Thread 0x0000000018069000 Uncommon trap: reason=unstable_if action=reinterpret pc=0x0000000003b3de80 method=java.util.TreeMap.put(Ljava/lang/Object;Ljava/lang/Object;)Ljava/lang/Object; @ 163
Event: 15.400 Thread 0x0000000018069000 Uncommon trap: reason=null_check action=make_not_entrant pc=0x0000000003d596e4 method=java.lang.Class.isAnnotation()Z @ 1

Classes redefined (0 events):
No events

Internal exceptions (10 events):
Event: 15.464 Thread 0x0000000018069000 Exception <a 'java/lang/ClassNotFoundException': com/android/build/gradle/internal/api/ApkVariantOutputImpl_DecoratedBeanInfo> (0x00000000f6c89520) thrown at [C:\re\workspace\8-2-build-windows-amd64-cygwin\jdk8u221\13320\hotspot\src\share\vm\classfile\sys
Event: 15.465 Thread 0x0000000018069000 Exception <a 'java/lang/ClassNotFoundException': com/android/build/gradle/internal/api/ApkVariantOutputImplBeanInfo> (0x00000000f6ca8770) thrown at [C:\re\workspace\8-2-build-windows-amd64-cygwin\jdk8u221\13320\hotspot\src\share\vm\classfile\systemDiction
Event: 15.465 Thread 0x0000000018069000 Exception <a 'java/lang/ClassNotFoundException': com/android/build/gradle/internal/api/BaseVariantOutputImplBeanInfo> (0x00000000f6cc8ca0) thrown at [C:\re\workspace\8-2-build-windows-amd64-cygwin\jdk8u221\13320\hotspot\src\share\vm\classfile\systemDictio
Event: 15.465 Thread 0x0000000018069000 Exception <a 'java/lang/ClassNotFoundException': com/android/build/gradle/internal/api/BaseVariantOutputImplCustomizer> (0x00000000f6ce9778) thrown at [C:\re\workspace\8-2-build-windows-amd64-cygwin\jdk8u221\13320\hotspot\src\share\vm\classfile\systemDict
Event: 15.467 Thread 0x0000000018069000 Exception <a 'java/lang/ClassNotFoundException': com/android/build/gradle/internal/api/ApkVariantOutputImplCustomizer> (0x00000000f6d24048) thrown at [C:\re\workspace\8-2-build-windows-amd64-cygwin\jdk8u221\13320\hotspot\src\share\vm\classfile\systemDicti
Event: 15.468 Thread 0x0000000018069000 Exception <a 'java/lang/ClassNotFoundException': com/android/build/gradle/internal/api/ApkVariantOutputImpl_DecoratedCustomizer> (0x00000000f6d5a908) thrown at [C:\re\workspace\8-2-build-windows-amd64-cygwin\jdk8u221\13320\hotspot\src\share\vm\classfile\s
Event: 15.497 Thread 0x0000000018069000 Exception <a 'java/lang/ClassNotFoundException': com/android/build/gradle/internal/api/LibraryVariantOutputImpl_DecoratedBeanInfo> (0x00000000f6ee4258) thrown at [C:\re\workspace\8-2-build-windows-amd64-cygwin\jdk8u221\13320\hotspot\src\share\vm\classfile
Event: 15.498 Thread 0x0000000018069000 Exception <a 'java/lang/ClassNotFoundException': com/android/build/gradle/internal/api/LibraryVariantOutputImplBeanInfo> (0x00000000f6f04dd8) thrown at [C:\re\workspace\8-2-build-windows-amd64-cygwin\jdk8u221\13320\hotspot\src\share\vm\classfile\systemDic
Event: 15.498 Thread 0x0000000018069000 Exception <a 'java/lang/ClassNotFoundException': com/android/build/gradle/internal/api/LibraryVariantOutputImplCustomizer> (0x00000000f6f26560) thrown at [C:\re\workspace\8-2-build-windows-amd64-cygwin\jdk8u221\13320\hotspot\src\share\vm\classfile\systemD
Event: 15.500 Thread 0x0000000018069000 Exception <a 'java/lang/ClassNotFoundException': com/android/build/gradle/internal/api/LibraryVariantOutputImpl_DecoratedCustomizer> (0x00000000f6f554f8) thrown at [C:\re\workspace\8-2-build-windows-amd64-cygwin\jdk8u221\13320\hotspot\src\share\vm\classfi

Events (10 events):
Event: 15.513 loading class com/android/build/gradle/internal/scope/ArtifactPublishingUtil$publishArtifactToConfiguration$1$1
Event: 15.513 loading class com/android/build/gradle/internal/scope/ArtifactPublishingUtil$publishArtifactToConfiguration$1$1 done
Event: 15.514 loading class org/gradle/api/internal/artifacts/configurations/DefaultVariant
Event: 15.514 loading class org/gradle/api/internal/artifacts/configurations/DefaultVariant done
Event: 15.515 loading class org/gradle/api/internal/artifacts/ConfigurationVariantInternal
Event: 15.515 loading class org/gradle/api/internal/artifacts/ConfigurationVariantInternal done
Event: 15.518 loading class org/gradle/api/artifacts/ConfigurationVariant
Event: 15.518 loading class org/gradle/api/artifacts/ConfigurationVariant done
Event: 15.518 loading class com/android/build/gradle/internal/scope/ArtifactPublishingUtil$publishArtifactToConfiguration$1$1$1
Event: 15.518 loading class com/android/build/gradle/internal/scope/ArtifactPublishingUtil$publishArtifactToConfiguration$1$1$1 done


Dynamic libraries:
0x00007ff6b2240000 - 0x00007ff6b2277000 	C:\Program Files\Java\jdk1.8.0_221\bin\java.exe
0x00007ffb9e470000 - 0x00007ffb9e665000 	C:\WINDOWS\SYSTEM32\ntdll.dll
0x00007ffb9ce50000 - 0x00007ffb9cf0d000 	C:\WINDOWS\System32\KERNEL32.DLL
0x00007ffb9c0c0000 - 0x00007ffb9c388000 	C:\WINDOWS\System32\KERNELBASE.dll
0x00007ffb9d020000 - 0x00007ffb9d0cc000 	C:\WINDOWS\System32\ADVAPI32.dll
0x00007ffb9cc30000 - 0x00007ffb9ccce000 	C:\WINDOWS\System32\msvcrt.dll
0x00007ffb9cda0000 - 0x00007ffb9ce3b000 	C:\WINDOWS\System32\sechost.dll
0x00007ffb9d350000 - 0x00007ffb9d47b000 	C:\WINDOWS\System32\RPCRT4.dll
0x00007ffb9d0d0000 - 0x00007ffb9d270000 	C:\WINDOWS\System32\USER32.dll
0x00007ffb9bea0000 - 0x00007ffb9bec2000 	C:\WINDOWS\System32\win32u.dll
0x00007ffb9c950000 - 0x00007ffb9c97a000 	C:\WINDOWS\System32\GDI32.dll
0x00007ffb9c3c0000 - 0x00007ffb9c4cb000 	C:\WINDOWS\System32\gdi32full.dll
0x00007ffb9c020000 - 0x00007ffb9c0bd000 	C:\WINDOWS\System32\msvcp_win.dll
0x00007ffb9bf20000 - 0x00007ffb9c020000 	C:\WINDOWS\System32\ucrtbase.dll
0x00007ffb89bc0000 - 0x00007ffb89e5a000 	C:\WINDOWS\WinSxS\amd64_microsoft.windows.common-controls_6595b64144ccf1df_6.0.19041.844_none_ca00b6081b84eb1d\COMCTL32.dll
0x00007ffb9c920000 - 0x00007ffb9c950000 	C:\WINDOWS\System32\IMM32.DLL
0x0000000075e10000 - 0x0000000075ee2000 	C:\Program Files\Java\jdk1.8.0_221\jre\bin\msvcr100.dll
0x0000000075560000 - 0x0000000075e05000 	C:\Program Files\Java\jdk1.8.0_221\jre\bin\server\jvm.dll
0x00007ffb9cb90000 - 0x00007ffb9cb98000 	C:\WINDOWS\System32\PSAPI.DLL
0x00007ffb94940000 - 0x00007ffb9494a000 	C:\WINDOWS\SYSTEM32\VERSION.dll
0x00007ffb8a250000 - 0x00007ffb8a277000 	C:\WINDOWS\SYSTEM32\WINMM.dll
0x00007ffb95660000 - 0x00007ffb95669000 	C:\WINDOWS\SYSTEM32\WSOCK32.dll
0x00007ffb9cd30000 - 0x00007ffb9cd9b000 	C:\WINDOWS\System32\WS2_32.dll
0x00007ffb633a0000 - 0x00007ffb633af000 	C:\Program Files\Java\jdk1.8.0_221\jre\bin\verify.dll
0x00007ffb5ebd0000 - 0x00007ffb5ebf9000 	C:\Program Files\Java\jdk1.8.0_221\jre\bin\java.dll
0x00007ffb5ebb0000 - 0x00007ffb5ebc6000 	C:\Program Files\Java\jdk1.8.0_221\jre\bin\zip.dll
0x00007ffb9d480000 - 0x00007ffb9dbc2000 	C:\WINDOWS\System32\SHELL32.dll
0x00007ffb99d00000 - 0x00007ffb9a490000 	C:\WINDOWS\SYSTEM32\windows.storage.dll
0x00007ffb9e0d0000 - 0x00007ffb9e425000 	C:\WINDOWS\System32\combase.dll
0x00007ffb9b620000 - 0x00007ffb9b64c000 	C:\WINDOWS\SYSTEM32\Wldp.dll
0x00007ffb9c870000 - 0x00007ffb9c91e000 	C:\WINDOWS\System32\SHCORE.dll
0x00007ffb9c9a0000 - 0x00007ffb9c9f5000 	C:\WINDOWS\System32\shlwapi.dll
0x00007ffb9baf0000 - 0x00007ffb9bb0f000 	C:\WINDOWS\SYSTEM32\profapi.dll
0x00007ffb5eb90000 - 0x00007ffb5ebaa000 	C:\Program Files\Java\jdk1.8.0_221\jre\bin\net.dll
0x00007ffb8f590000 - 0x00007ffb8f77e000 	C:\WINDOWS\SYSTEM32\urlmon.dll
0x00007ffb8fef0000 - 0x00007ffb901a0000 	C:\WINDOWS\SYSTEM32\iertutil.dll
0x00007ffb9b390000 - 0x00007ffb9b3fa000 	C:\WINDOWS\system32\mswsock.dll
0x00007ffb5eb70000 - 0x00007ffb5eb82000 	C:\Program Files\Java\jdk1.8.0_221\jre\bin\nio.dll
0x00007ffb61430000 - 0x00007ffb61456000 	C:\Users\Noman\.gradle\native\fdc75f09e3144964f2cf3f50f0aa648679c211496f362492102eb8c894070792\windows-amd64\native-platform.dll
0x00007ffb4a370000 - 0x00007ffb4a501000 	C:\Users\Noman\.gradle\native\12488b8bf47d2d4c9fbf2f6322a914ad602e24e48041cd04a747c6da556b65c4\windows-amd64\native-platform-file-events.dll
0x00007ffb61420000 - 0x00007ffb6142d000 	C:\Program Files\Java\jdk1.8.0_221\jre\bin\management.dll
0x00007ffb9b560000 - 0x00007ffb9b578000 	C:\WINDOWS\SYSTEM32\CRYPTSP.dll
0x00007ffb9acc0000 - 0x00007ffb9acf4000 	C:\WINDOWS\system32\rsaenh.dll
0x00007ffb9c390000 - 0x00007ffb9c3b7000 	C:\WINDOWS\System32\bcrypt.dll
0x00007ffb9bab0000 - 0x00007ffb9bade000 	C:\WINDOWS\SYSTEM32\USERENV.dll
0x00007ffb9bd10000 - 0x00007ffb9bd90000 	C:\WINDOWS\System32\bcryptprimitives.dll
0x00007ffb9b580000 - 0x00007ffb9b58c000 	C:\WINDOWS\SYSTEM32\CRYPTBASE.dll
0x00007ffb9b030000 - 0x00007ffb9b06b000 	C:\WINDOWS\SYSTEM32\IPHLPAPI.DLL
0x00007ffb9ce40000 - 0x00007ffb9ce48000 	C:\WINDOWS\System32\NSI.dll
0x00007ffb937e0000 - 0x00007ffb937f7000 	C:\WINDOWS\SYSTEM32\dhcpcsvc6.DLL
0x00007ffb94660000 - 0x00007ffb9467d000 	C:\WINDOWS\SYSTEM32\dhcpcsvc.DLL
0x00007ffb9b080000 - 0x00007ffb9b14c000 	C:\WINDOWS\SYSTEM32\DNSAPI.dll
0x00007ffb94930000 - 0x00007ffb9493b000 	C:\WINDOWS\SYSTEM32\WINNSI.DLL
0x00007ffb8cec0000 - 0x00007ffb8d0a4000 	C:\WINDOWS\SYSTEM32\dbghelp.dll

VM Arguments:
jvm_args: -XX:MaxMetaspaceSize=256m -XX:+HeapDumpOnOutOfMemoryError -Xms256m -Xmx512m -Dfile.encoding=windows-1252 -Duser.country=US -Duser.language=en -Duser.variant 
java_command: org.gradle.launcher.daemon.bootstrap.GradleDaemon 6.7
java_class_path (initial): C:\Users\Noman\.gradle\wrapper\dists\gradle-6.7-all\cuy9mc7upwgwgeb72wkcrupxe\gradle-6.7\lib\gradle-launcher-6.7.jar
Launcher Type: SUN_STANDARD

Environment Variables:
JAVA_HOME=C:\Program Files\Java\jre1.8.0_221
CLASSPATH=D:\MultiVendorGroceriesApp\android\\gradle\wrapper\gradle-wrapper.jar
PATH=D:\MultiVendorGroceriesApp\android\node_modules\.bin;D:\MultiVendorGroceriesApp\node_modules\.bin;D:\node_modules\.bin;C:\Program Files\nodejs;D:\MultiVendorGroceriesApp\node_modules\.bin;C:\Python27\;C:\Python27\Scripts;C:\Program Files (x86)\Common Files\Oracle\Java\javapath;C:\WINDOWS\system32;C:\WINDOWS;C:\WINDOWS\System32\Wbem;C:\WINDOWS\System32\WindowsPowerShell\v1.0\;C:\Program Files\Git\cmd;C:\Program Files\Java\jdk1.8.0_221\bin;C:\Program Files\Java\jre1.8.0_221\bin;C:\WINDOWS\System32\OpenSSH\;C:\Users\Noman\AppData\Local\Android\Sdk\platforms;C:\Users\Noman\AppData\Local\Android\Sdk\platform-tools;C:\Users\Noman\AppData\Roaming\npm;C:\Users\Noman\AppData\Local\Programs\Microsoft VS Code\bin;C:\Users\Noman\AppData\Local\Microsoft\WindowsApps;C:\Users\Noman\AppData\Local\Android\Sdk;C:\Program Files\Java\jdk1.8.0_221;C:\gradle-5.6.2\bin;C:\ProgramData\chocolatey\bin;C:\Program Files\Java\jdk1.8.0_211\bin;C:\Users\Noman\AppData\Roaming\nvm;C:\Program Files\nodejs;C:\WINDOWS\system32;C:\WINDOWS;C:\WINDOWS\System32\Wbem;C:\WINDOWS\System32\WindowsPowerShell\v1.0\;C:\WINDOWS\System32\OpenSSH\;D:\Ruby26-x64\bin;C:\Users\Noman\AppData\Local\Programs\Microsoft VS Code\bin;C:\Users\Noman\AppData\Local\Microsoft\WindowsApps;C:\Users\Noman\AppData\Local\Android\Sdk;C:\Program Files\Java\jdk1.8.0_221;C:\Program Files\Java\jdk1.8.0_221\bin;C:\gradle-5.6.2\bin;C:\Users\Noman\AppData\Roaming\npm;C:\Users\Noman\AppData\Roaming\nvm;C:\Program Files\nodejs;
USERNAME=Noman
OS=Windows_NT
PROCESSOR_IDENTIFIER=Intel64 Family 6 Model 58 Stepping 9, GenuineIntel



---------------  S Y S T E M  ---------------

OS: Windows 10.0 , 64 bit Build 19041 (10.0.19041.928)

CPU:total 4 (initial active 4) (2 cores per cpu, 2 threads per core) family 6 model 58 stepping 9, cmov, cx8, fxsr, mmx, sse, sse2, sse3, ssse3, sse4.1, sse4.2, popcnt, avx, aes, clmul, erms, ht, tsc, tscinvbit, tscinv

Memory: 4k page, physical 8252740k(3939588k free), swap 16117060k(11742188k free)

vm_info: Java HotSpot(TM) 64-Bit Server VM (25.221-b11) for windows-amd64 JRE (1.8.0_221-b11), built on Jul  4 2019 04:39:29 by "java_re" with MS VC++ 10.0 (VS2010)

time: Fri May 14 20:47:06 2021
timezone: Pakistan Standard Time
elapsed time: 15 seconds (0d 0h 0m 15s)

